<html>
<head>
<title>TestNG:  test1</title>
<link href="../testng.css" rel="stylesheet" type="text/css" />
<link href="../my-testng.css" rel="stylesheet" type="text/css" />

<style type="text/css">
.log { display: none;} 
.stack-trace { display: none;} 
</style>
<script type="text/javascript">
<!--
function flip(e) {
  current = e.style.display;
  if (current == 'block') {
    e.style.display = 'none';
    return 0;
  }
  else {
    e.style.display = 'block';
    return 1;
  }
}

function toggleBox(szDivId, elem, msg1, msg2)
{
  var res = -1;  if (document.getElementById) {
    res = flip(document.getElementById(szDivId));
  }
  else if (document.all) {
    // this is the way old msie versions work
    res = flip(document.all[szDivId]);
  }
  if(elem) {
    if(res == 0) elem.innerHTML = msg1; else elem.innerHTML = msg2;
  }

}

function toggleAllBoxes() {
  if (document.getElementsByTagName) {
    d = document.getElementsByTagName('div');
    for (i = 0; i < d.length; i++) {
      if (d[i].className == 'log') {
        flip(d[i]);
      }
    }
  }
}

// -->
</script>

</head>
<body>
<h2 align='center'>test1</h2><table border='1' align="center">
<tr>
<td>Tests passed/Failed/Skipped:</td><td>44/1/4</td>
</tr><tr>
<td>Started on:</td><td>Wed Apr 11 12:08:28 IST 2018</td>
</tr>
<tr><td>Total time:</td><td>1513 seconds (1513130 ms)</td>
</tr><tr>
<td>Included groups:</td><td></td>
</tr><tr>
<td>Excluded groups:</td><td></td>
</tr>
</table><p/>
<small><i>(Hover the method name to see the test class name)</i></small><p/>
<table width='100%' border='1' class='invocation-failed'>
<tr><td colspan='4' align='center'><b>FAILED TESTS</b></td></tr>
<tr><td><b>Test method</b></td>
<td width="30%"><b>Exception</b></td>
<td width="10%"><b>Time (seconds)</b></td>
<td><b>Instance</b></td>
</tr>
<tr>
<td title='testCases.LoginVerification.loginTest()'><b>loginTest</b><br>Test class: testCases.LoginVerification<br>Parameters: {UserBranch=Hyderabad, UserId=141386, UserRole=Executive, Password=Uat@1234, Runmode=Y, UserName=Javeed, Browser=Chrome}</td>
<td><div><pre>java.lang.AssertionError: FAIL
	at org.testng.Assert.fail(Assert.java:96)
	at testKeywords.Keyword.executeKeywords(Keyword.java:193)
	at testCases.LoginVerification.loginTest(LoginVerification.java:39)
	at sun.reflect.NativeMethodAccessorImpl.invoke0(Native Method)
	at sun.reflect.NativeMethodAccessorImpl.invoke(NativeMethodAccessorImpl.java:62)
	at sun.reflect.DelegatingMethodAccessorImpl.invoke(DelegatingMethodAccessorImpl.java:43)
	at java.lang.reflect.Method.invoke(Method.java:498)
	at org.testng.internal.MethodInvocationHelper.invokeMethod(MethodInvocationHelper.java:124)
	at org.testng.internal.Invoker.invokeMethod(Invoker.java:571)
	at org.testng.internal.Invoker.invokeTestMethod(Invoker.java:707)
	at org.testng.internal.Invoker.invokeTestMethods(Invoker.java:979)
	at org.testng.internal.TestMethodWorker.invokeTestMethods(TestMethodWorker.java:125)
	at org.testng.internal.TestMethodWorker.run(TestMethodWorker.java:109)
	at org.testng.TestRunner.privateRun(TestRunner.java:648)
	at org.testng.TestRunner.run(TestRunner.java:505)
	at org.testng.SuiteRunner.runTest(SuiteRunner.java:455)
	at org.testng.SuiteRunner.runSequentially(SuiteRunner.java:450)
	at org.testng.SuiteRunner.privateRun(SuiteRunner.java:415)
	at org.testng.SuiteRunner.run(SuiteRunner.java:364)
	at org.testng.SuiteRunnerWorker.runSuite(SuiteRunnerWorker.java:52)
	at org.testng.SuiteRunnerWorker.run(SuiteRunnerWorker.java:84)
	at org.testng.TestNG.runSuitesSequentially(TestNG.java:1187)
	at org.testng.TestNG.runSuitesLocally(TestNG.java:1116)
	at org.testng.TestNG.runSuites(TestNG.java:1028)
	at org.testng.TestNG.run(TestNG.java:996)
	at org.testng.remote.AbstractRemoteTestNG.run(AbstractRemoteTestNG.java:114)
	at org.testng.remote.RemoteTestNG.initAndRun(RemoteTestNG.java:251)
	at org.testng.remote.RemoteTestNG.main(RemoteTestNG.java:77)
</pre></div><a href='#' onClick='toggleBox("stack-trace1756819670", this, "Click to show all stack frames", "Click to hide stack frames")'>Click to show all stack frames</a>
<div class='stack-trace' id='stack-trace1756819670'><pre>java.lang.AssertionError: FAIL
	at org.testng.Assert.fail(Assert.java:96)
	at testKeywords.Keyword.executeKeywords(Keyword.java:193)
	at testCases.LoginVerification.loginTest(LoginVerification.java:39)
	at sun.reflect.NativeMethodAccessorImpl.invoke0(Native Method)
	at sun.reflect.NativeMethodAccessorImpl.invoke(NativeMethodAccessorImpl.java:62)
	at sun.reflect.DelegatingMethodAccessorImpl.invoke(DelegatingMethodAccessorImpl.java:43)
	at java.lang.reflect.Method.invoke(Method.java:498)
	at org.testng.internal.MethodInvocationHelper.invokeMethod(MethodInvocationHelper.java:124)
	at org.testng.internal.Invoker.invokeMethod(Invoker.java:571)
	at org.testng.internal.Invoker.invokeTestMethod(Invoker.java:707)
	at org.testng.internal.Invoker.invokeTestMethods(Invoker.java:979)
	at org.testng.internal.TestMethodWorker.invokeTestMethods(TestMethodWorker.java:125)
	at org.testng.internal.TestMethodWorker.run(TestMethodWorker.java:109)
	at org.testng.TestRunner.privateRun(TestRunner.java:648)
	at org.testng.TestRunner.run(TestRunner.java:505)
	at org.testng.SuiteRunner.runTest(SuiteRunner.java:455)
	at org.testng.SuiteRunner.runSequentially(SuiteRunner.java:450)
	at org.testng.SuiteRunner.privateRun(SuiteRunner.java:415)
	at org.testng.SuiteRunner.run(SuiteRunner.java:364)
	at org.testng.SuiteRunnerWorker.runSuite(SuiteRunnerWorker.java:52)
	at org.testng.SuiteRunnerWorker.run(SuiteRunnerWorker.java:84)
	at org.testng.TestNG.runSuitesSequentially(TestNG.java:1187)
	at org.testng.TestNG.runSuitesLocally(TestNG.java:1116)
	at org.testng.TestNG.runSuites(TestNG.java:1028)
	at org.testng.TestNG.run(TestNG.java:996)
	at org.testng.remote.AbstractRemoteTestNG.run(AbstractRemoteTestNG.java:114)
	at org.testng.remote.RemoteTestNG.initAndRun(RemoteTestNG.java:251)
	at org.testng.remote.RemoteTestNG.main(RemoteTestNG.java:77)
</pre></div></td>
<td>15</td>
<td>testCases.LoginVerification@34cd072c</td></tr>
</table><p>
<table width='100%' border='1' class='invocation-passed'>
<tr><td colspan='4' align='center'><b>PASSED TESTS</b></td></tr>
<tr><td><b>Test method</b></td>
<td width="30%"><b>Exception</b></td>
<td width="10%"><b>Time (seconds)</b></td>
<td><b>Instance</b></td>
</tr>
<tr>
<td title='testCases.UrlVerification.loginTest()'><b>loginTest</b><br>Test class: testCases.UrlVerification<br>Parameters: {WelcomeText=TELESONIC, Runmode=Y, Browser=Chrome}</td>
<td></td>
<td>8</td>
<td>testCases.UrlVerification@11438d26</td></tr>
<tr>
<td title='testCases.LoginVerification.loginTest()'><b>loginTest</b><br>Test class: testCases.LoginVerification<br>Parameters: {UserBranch=Hyderabad, UserId=62268, UserRole=Admin, Password=Uat@1234, Runmode=Y, UserName=P Krishna Murthy, Browser=Chrome}</td>
<td></td>
<td>20</td>
<td>testCases.LoginVerification@34cd072c</td></tr>
<tr>
<td title='testCases.LoginVerification.loginTest()'><b>loginTest</b><br>Test class: testCases.LoginVerification<br>Parameters: {UserBranch=Hyderabad, UserId=139371, UserRole=Executive, Password=Uat@1234, Runmode=Y, UserName=Mawaheedsiddiquie, Browser=Chrome}</td>
<td></td>
<td>20</td>
<td>testCases.LoginVerification@34cd072c</td></tr>
<tr>
<td title='testCases.LoginVerification.loginTest()'><b>loginTest</b><br>Test class: testCases.LoginVerification<br>Parameters: {UserBranch=Hyderabad, UserId=139372, UserRole=Executive, Password=Uat@1234, Runmode=Y, UserName=Annarasi Sai Kumar, Browser=Chrome}</td>
<td></td>
<td>20</td>
<td>testCases.LoginVerification@34cd072c</td></tr>
<tr>
<td title='testCases.LoginVerification.loginTest()'><b>loginTest</b><br>Test class: testCases.LoginVerification<br>Parameters: {UserBranch=Hyderabad, UserId=139599, UserRole=Executive, Password=Uat@1234, Runmode=Y, UserName=Deepanjali Panigrahi, Browser=Chrome}</td>
<td></td>
<td>18</td>
<td>testCases.LoginVerification@34cd072c</td></tr>
<tr>
<td title='testCases.LoginVerification.loginTest()'><b>loginTest</b><br>Test class: testCases.LoginVerification<br>Parameters: {UserBranch=Hyderabad, UserId=144172, UserRole=Executive, Password=Uat@1234, Runmode=Y, UserName=Vinaya, Browser=Chrome}</td>
<td></td>
<td>20</td>
<td>testCases.LoginVerification@34cd072c</td></tr>
<tr>
<td title='testCases.LoginVerification.loginTest()'><b>loginTest</b><br>Test class: testCases.LoginVerification<br>Parameters: {UserBranch=, UserId=145362, UserRole=Executive, Password=Uat@1234, Runmode=Y, UserName=APSANA SHAIK, Browser=Chrome}</td>
<td></td>
<td>20</td>
<td>testCases.LoginVerification@34cd072c</td></tr>
<tr>
<td title='testCases.LoginVerification.loginTest()'><b>loginTest</b><br>Test class: testCases.LoginVerification<br>Parameters: {UserBranch=Hyderabad, UserId=139485, UserRole=Supervisor, Password=Uat@1234, Runmode=Y, UserName=Shaikh Imran, Browser=Chrome}</td>
<td></td>
<td>20</td>
<td>testCases.LoginVerification@34cd072c</td></tr>
<tr>
<td title='testCases.TeleCallerEntry.loginTest()'><b>loginTest</b><br>Test class: testCases.TeleCallerEntry<br>Parameters: {FinalStatusSelect=Call Back, Runmode=Y, ContactNumber=9090909090, CustomerMobileNo=9000000100, RNRAttempt3=asdf#$%^&, CotactPersonName=AkshayB, popUpSuccessMsg=Customer information updated successfully, RNRAttempt2=234as!@#$(&%), RNRAttempt1=Attempt!@#$6789\, Password=Uat@1234, UserId=3000, CustomerName=SreekanthA, Browser=Chrome}</td>
<td></td>
<td>32</td>
<td>testCases.TeleCallerEntry@7a1ebcd8</td></tr>
<tr>
<td title='testCases.TeleCallerEntry.loginTest()'><b>loginTest</b><br>Test class: testCases.TeleCallerEntry<br>Parameters: {FinalStatusSelect=Customer Hang-Up the call, Runmode=Y, ContactNumber=9090909090, CustomerMobileNo=9000000101, RNRAttempt3=Attempt3, CotactPersonName=AkshayB, popUpSuccessMsg=Customer information updated successfully, RNRAttempt2=Attempt2, RNRAttempt1=Attempt1, Password=Uat@1234, UserId=3000, CustomerName=SreekanthB, Browser=Chrome}</td>
<td></td>
<td>32</td>
<td>testCases.TeleCallerEntry@7a1ebcd8</td></tr>
<tr>
<td title='testCases.TeleCallerEntry.loginTest()'><b>loginTest</b><br>Test class: testCases.TeleCallerEntry<br>Parameters: {FinalStatusSelect=Invalid Number, Runmode=Y, ContactNumber=9090909090, CustomerMobileNo=9000000102, RNRAttempt3=asdf#$%^&, CotactPersonName=AkshayB, popUpSuccessMsg=Customer information updated successfully, RNRAttempt2=234as!@#$(&%), RNRAttempt1=Attempt!@#$6789\, Password=Uat@1234, UserId=3000, CustomerName=SreekanthC, Browser=Chrome}</td>
<td></td>
<td>32</td>
<td>testCases.TeleCallerEntry@7a1ebcd8</td></tr>
<tr>
<td title='testCases.TeleCallerEntry.loginTest()'><b>loginTest</b><br>Test class: testCases.TeleCallerEntry<br>Parameters: {FinalStatusSelect=Wrong Number, Runmode=Y, ContactNumber=9090909090, CustomerMobileNo=9000000103, RNRAttempt3=Attempt3, CotactPersonName=AkshayB, popUpSuccessMsg=Customer information updated successfully, RNRAttempt2=Attempt2, RNRAttempt1=Attempt1, Password=Uat@1234, UserId=3000, CustomerName=SreekanthD, Browser=Chrome}</td>
<td></td>
<td>32</td>
<td>testCases.TeleCallerEntry@7a1ebcd8</td></tr>
<tr>
<td title='testCases.TeleCallerEntry.loginTest()'><b>loginTest</b><br>Test class: testCases.TeleCallerEntry<br>Parameters: {FinalStatusSelect=Switch Off, Runmode=Y, ContactNumber=9090909090, CustomerMobileNo=9000000104, RNRAttempt3=asdf#$%^&, CotactPersonName=AkshayB, popUpSuccessMsg=Customer information updated successfully, RNRAttempt2=234as!@#$(&%), RNRAttempt1=Attempt!@#$6789\, Password=Uat@1234, UserId=3000, CustomerName=SreekanthE, Browser=Chrome}</td>
<td></td>
<td>32</td>
<td>testCases.TeleCallerEntry@7a1ebcd8</td></tr>
<tr>
<td title='testCases.TeleCallerEntry.loginTest()'><b>loginTest</b><br>Test class: testCases.TeleCallerEntry<br>Parameters: {FinalStatusSelect=RNR, Runmode=Y, ContactNumber=9090909090, CustomerMobileNo=9000000105, RNRAttempt3=Attempt3, CotactPersonName=AkshayB, popUpSuccessMsg=Customer information updated successfully, RNRAttempt2=Attempt2, RNRAttempt1=Attempt1, Password=Uat@1234, UserId=3000, CustomerName=SreekanthF, Browser=Chrome}</td>
<td></td>
<td>32</td>
<td>testCases.TeleCallerEntry@7a1ebcd8</td></tr>
<tr>
<td title='testCases.TeleCallerEntry.loginTest()'><b>loginTest</b><br>Test class: testCases.TeleCallerEntry<br>Parameters: {FinalStatusSelect=Pending with FE, Runmode=Y, ContactNumber=9090909090, CustomerMobileNo=9000000106, RNRAttempt3=asdf#$%^&, CotactPersonName=AkshayB, popUpSuccessMsg=Customer information updated successfully, RNRAttempt2=234as!@#$(&%), RNRAttempt1=Attempt!@#$6789\, Password=Uat@1234, UserId=3000, CustomerName=SreekanthG, Browser=Chrome}</td>
<td></td>
<td>32</td>
<td>testCases.TeleCallerEntry@7a1ebcd8</td></tr>
<tr>
<td title='testCases.TeleCallerEntry.loginTest()'><b>loginTest</b><br>Test class: testCases.TeleCallerEntry<br>Parameters: {FinalStatusSelect=Already Replaced, Runmode=Y, ContactNumber=9090909090, CustomerMobileNo=9000000107, RNRAttempt3=Attempt3, CotactPersonName=AkshayB, popUpSuccessMsg=Customer information updated successfully, RNRAttempt2=Attempt2, RNRAttempt1=Attempt1, Password=Uat@1234, UserId=3000, CustomerName=SreekanthH, Browser=Chrome}</td>
<td></td>
<td>32</td>
<td>testCases.TeleCallerEntry@7a1ebcd8</td></tr>
<tr>
<td title='testCases.TeleCallerEntryAppointment.loginTest()'><b>loginTest</b><br>Test class: testCases.TeleCallerEntryAppointment<br>Parameters: {DayValue=12, FinalStatusSelect=Call Back, FinalStatusSelect1=Appointment, AppointmentTime=20:15, Runmode=Y, ContactNumber=9090909090, CustomerMobileNo=9000000108, RNRAttempt3=asdf#$%^&, CotactPersonName=AkshayB, popUpSuccessMsg=Customer information updated successfully, RNRAttempt2=asdf323@#######, RNRAttempt1=asdfasdf3234asdf, Password=Uat@1234, UserId=3000, CustomerName=SreekanthI, Browser=Chrome}</td>
<td></td>
<td>38</td>
<td>testCases.TeleCallerEntryAppointment@5faeada1</td></tr>
<tr>
<td title='testCases.TeleCallerEntryAppointment.loginTest()'><b>loginTest</b><br>Test class: testCases.TeleCallerEntryAppointment<br>Parameters: {DayValue=13, FinalStatusSelect=Customer Hang-Up the call, FinalStatusSelect1=Appointment, AppointmentTime=20:15, Runmode=Y, ContactNumber=9090909090, CustomerMobileNo=9000000109, RNRAttempt3=Attempt3, CotactPersonName=AkshayB, popUpSuccessMsg=Customer information updated successfully, RNRAttempt2=Attempt2, RNRAttempt1=Attempt1, Password=Uat@1234, UserId=3000, CustomerName=SreekanthJ, Browser=Chrome}</td>
<td></td>
<td>37</td>
<td>testCases.TeleCallerEntryAppointment@5faeada1</td></tr>
<tr>
<td title='testCases.TeleCallerEntryAppointment.loginTest()'><b>loginTest</b><br>Test class: testCases.TeleCallerEntryAppointment<br>Parameters: {DayValue=14, FinalStatusSelect=Not Interested, FinalStatusSelect1=Appointment, AppointmentTime=20:15, Runmode=Y, ContactNumber=9090909090, CustomerMobileNo=9000000110, RNRAttempt3=asdf#$%^&, CotactPersonName=AkshayB, popUpSuccessMsg=Customer information updated successfully, RNRAttempt2=234as!@#$(&%), RNRAttempt1=Attempt!@#$6789\, Password=Uat@1234, UserId=3000, CustomerName=SreekanthK, Browser=Chrome}</td>
<td></td>
<td>37</td>
<td>testCases.TeleCallerEntryAppointment@5faeada1</td></tr>
<tr>
<td title='testCases.TeleCallerEntryAppointment.loginTest()'><b>loginTest</b><br>Test class: testCases.TeleCallerEntryAppointment<br>Parameters: {DayValue=15, FinalStatusSelect=Invalid Number, FinalStatusSelect1=Appointment, AppointmentTime=20:15, Runmode=Y, ContactNumber=9090909090, CustomerMobileNo=9000000111, RNRAttempt3=Attempt3, CotactPersonName=AkshayB, popUpSuccessMsg=Customer information updated successfully, RNRAttempt2=Attempt2, RNRAttempt1=Attempt1, Password=Uat@1234, UserId=3000, CustomerName=SreekanthL, Browser=Chrome}</td>
<td></td>
<td>37</td>
<td>testCases.TeleCallerEntryAppointment@5faeada1</td></tr>
<tr>
<td title='testCases.TeleCallerEntryAppointment.loginTest()'><b>loginTest</b><br>Test class: testCases.TeleCallerEntryAppointment<br>Parameters: {DayValue=16, FinalStatusSelect=Wrong Number, FinalStatusSelect1=Appointment, AppointmentTime=20:15, Runmode=Y, ContactNumber=9090909090, CustomerMobileNo=9000000112, RNRAttempt3=Attempt3, CotactPersonName=AkshayB, popUpSuccessMsg=Customer information updated successfully, RNRAttempt2=Attempt2, RNRAttempt1=Attempt1, Password=Uat@1234, UserId=3000, CustomerName=SreekanthM, Browser=Chrome}</td>
<td></td>
<td>40</td>
<td>testCases.TeleCallerEntryAppointment@5faeada1</td></tr>
<tr>
<td title='testCases.TeleCallerEntryAppointment.loginTest()'><b>loginTest</b><br>Test class: testCases.TeleCallerEntryAppointment<br>Parameters: {DayValue=12, FinalStatusSelect=Switch Off, FinalStatusSelect1=Appointment, AppointmentTime=20:15, Runmode=Y, ContactNumber=9090909090, CustomerMobileNo=9000000113, RNRAttempt3=asdf#$%^&, CotactPersonName=AkshayB, popUpSuccessMsg=Customer information updated successfully, RNRAttempt2=234as!@#$(&%), RNRAttempt1=Attempt!@#$6789\, Password=Uat@1234, UserId=3000, CustomerName=SreekanthN, Browser=Chrome}</td>
<td></td>
<td>37</td>
<td>testCases.TeleCallerEntryAppointment@5faeada1</td></tr>
<tr>
<td title='testCases.TeleCallerEntryAppointment.loginTest()'><b>loginTest</b><br>Test class: testCases.TeleCallerEntryAppointment<br>Parameters: {DayValue=13, FinalStatusSelect=RNR, FinalStatusSelect1=Appointment, AppointmentTime=20:15, Runmode=Y, ContactNumber=9090909090, CustomerMobileNo=9000000114, RNRAttempt3=Attempt3, CotactPersonName=AkshayB, popUpSuccessMsg=Customer information updated successfully, RNRAttempt2=Attempt2, RNRAttempt1=Attempt1, Password=Uat@1234, UserId=3000, CustomerName=SreekanthO, Browser=Chrome}</td>
<td></td>
<td>37</td>
<td>testCases.TeleCallerEntryAppointment@5faeada1</td></tr>
<tr>
<td title='testCases.TeleCallerEntryAppointment.loginTest()'><b>loginTest</b><br>Test class: testCases.TeleCallerEntryAppointment<br>Parameters: {DayValue=14, FinalStatusSelect=Pending with FE, FinalStatusSelect1=Appointment, AppointmentTime=20:15, Runmode=Y, ContactNumber=9090909090, CustomerMobileNo=9000000115, RNRAttempt3=Attempt3, CotactPersonName=AkshayB, popUpSuccessMsg=Customer information updated successfully, RNRAttempt2=Attempt2, RNRAttempt1=Attempt1, Password=Uat@1234, UserId=3000, CustomerName=SreekanthP, Browser=Chrome}</td>
<td></td>
<td>37</td>
<td>testCases.TeleCallerEntryAppointment@5faeada1</td></tr>
<tr>
<td title='testCases.TeleCallerEntryAppointment.loginTest()'><b>loginTest</b><br>Test class: testCases.TeleCallerEntryAppointment<br>Parameters: {DayValue=15, FinalStatusSelect=Already Replaced, FinalStatusSelect1=Appointment, AppointmentTime=20:15, Runmode=Y, ContactNumber=9090909090, CustomerMobileNo=9000000116, RNRAttempt3=asdf#$%^&, CotactPersonName=AkshayB, popUpSuccessMsg=Customer information updated successfully, RNRAttempt2=234as!@#$(&%), RNRAttempt1=Attempt!@#$6789\, Password=Uat@1234, UserId=3000, CustomerName=SreekanthQ, Browser=Chrome}</td>
<td></td>
<td>37</td>
<td>testCases.TeleCallerEntryAppointment@5faeada1</td></tr>
<tr>
<td title='testCases.TeleCallerEntryAppointmentCallTime.loginTest()'><b>loginTest</b><br>Test class: testCases.TeleCallerEntryAppointmentCallTime<br>Parameters: {DayValue=12, FinalStatusSelect=Call Back, FinalStatusSelect1=Appointment, AppointmentTime=20:15, Runmode=Y, ContactNumber=9090909090, CustomerMobileNo=9000000117, RNRAttempt3=Attempt3, CotactPersonName=AkshayB, popUpSuccessMsg=Customer information updated successfully, RNRAttempt2=Attempt2, RNRAttempt1=Attempt1, Password=Uat@1234, UserId=3000, CustomerName=SreekanthR, Browser=Chrome}</td>
<td></td>
<td>38</td>
<td>testCases.TeleCallerEntryAppointmentCallTime@528931cf</td></tr>
<tr>
<td title='testCases.TeleCallerEntryAppointmentCallTime.loginTest()'><b>loginTest</b><br>Test class: testCases.TeleCallerEntryAppointmentCallTime<br>Parameters: {DayValue=13, FinalStatusSelect=Customer Hang-Up the call, FinalStatusSelect1=Appointment, AppointmentTime=20:15, Runmode=Y, ContactNumber=9090909090, CustomerMobileNo=9000000118, RNRAttempt3=Attempt3, CotactPersonName=AkshayB, popUpSuccessMsg=Customer information updated successfully, RNRAttempt2=Attempt2, RNRAttempt1=Attempt1, Password=Uat@1234, UserId=3000, CustomerName=SreekanthS, Browser=Chrome}</td>
<td></td>
<td>38</td>
<td>testCases.TeleCallerEntryAppointmentCallTime@528931cf</td></tr>
<tr>
<td title='testCases.TeleCallerEntryAppointmentCallTime.loginTest()'><b>loginTest</b><br>Test class: testCases.TeleCallerEntryAppointmentCallTime<br>Parameters: {DayValue=14, FinalStatusSelect=Not Interested, FinalStatusSelect1=Appointment, AppointmentTime=20:15, Runmode=Y, ContactNumber=9090909090, CustomerMobileNo=9000000119, RNRAttempt3=Attempt3, CotactPersonName=AkshayB, popUpSuccessMsg=Customer information updated successfully, RNRAttempt2=Attempt2, RNRAttempt1=Attempt1, Password=Uat@1234, UserId=3000, CustomerName=SreekanthU, Browser=Chrome}</td>
<td></td>
<td>36</td>
<td>testCases.TeleCallerEntryAppointmentCallTime@528931cf</td></tr>
<tr>
<td title='testCases.TeleCallerEntryAppointmentCallTime.loginTest()'><b>loginTest</b><br>Test class: testCases.TeleCallerEntryAppointmentCallTime<br>Parameters: {DayValue=15, FinalStatusSelect=Invalid Number, FinalStatusSelect1=Appointment, AppointmentTime=20:15, Runmode=Y, ContactNumber=9090909090, CustomerMobileNo=9000000120, RNRAttempt3=Attempt3, CotactPersonName=AkshayB, popUpSuccessMsg=Customer information updated successfully, RNRAttempt2=Attempt2, RNRAttempt1=Attempt1, Password=Uat@1234, UserId=3000, CustomerName=SreekanthV, Browser=Chrome}</td>
<td></td>
<td>38</td>
<td>testCases.TeleCallerEntryAppointmentCallTime@528931cf</td></tr>
<tr>
<td title='testCases.TeleCallerEntryAppointmentCallTime.loginTest()'><b>loginTest</b><br>Test class: testCases.TeleCallerEntryAppointmentCallTime<br>Parameters: {DayValue=16, FinalStatusSelect=Wrong Number, FinalStatusSelect1=Appointment, AppointmentTime=20:15, Runmode=Y, ContactNumber=9090909090, CustomerMobileNo=9000000121, RNRAttempt3=Attempt3, CotactPersonName=AkshayB, popUpSuccessMsg=Customer information updated successfully, RNRAttempt2=Attempt2, RNRAttempt1=Attempt1, Password=Uat@1234, UserId=3000, CustomerName=SreekanthW, Browser=Chrome}</td>
<td></td>
<td>55</td>
<td>testCases.TeleCallerEntryAppointmentCallTime@528931cf</td></tr>
<tr>
<td title='testCases.TeleCallerEntryAppointmentCallTime.loginTest()'><b>loginTest</b><br>Test class: testCases.TeleCallerEntryAppointmentCallTime<br>Parameters: {DayValue=12, FinalStatusSelect=Switch Off, FinalStatusSelect1=Appointment, AppointmentTime=20:15, Runmode=Y, ContactNumber=9090909090, CustomerMobileNo=9000000122, RNRAttempt3=Attempt3, CotactPersonName=AkshayB, popUpSuccessMsg=Customer information updated successfully, RNRAttempt2=Attempt2, RNRAttempt1=Attempt1, Password=Uat@1234, UserId=3000, CustomerName=SreekanthX, Browser=Chrome}</td>
<td></td>
<td>39</td>
<td>testCases.TeleCallerEntryAppointmentCallTime@528931cf</td></tr>
<tr>
<td title='testCases.TeleCallerEntryAppointmentCallTime.loginTest()'><b>loginTest</b><br>Test class: testCases.TeleCallerEntryAppointmentCallTime<br>Parameters: {DayValue=13, FinalStatusSelect=RNR, FinalStatusSelect1=Appointment, AppointmentTime=20:15, Runmode=Y, ContactNumber=9090909090, CustomerMobileNo=9000000123, RNRAttempt3=Attempt3, CotactPersonName=AkshayB, popUpSuccessMsg=Customer information updated successfully, RNRAttempt2=Attempt2, RNRAttempt1=Attempt1, Password=Uat@1234, UserId=3000, CustomerName=SreekanthY, Browser=Chrome}</td>
<td></td>
<td>39</td>
<td>testCases.TeleCallerEntryAppointmentCallTime@528931cf</td></tr>
<tr>
<td title='testCases.TeleCallerEntryAppointmentCallTime.loginTest()'><b>loginTest</b><br>Test class: testCases.TeleCallerEntryAppointmentCallTime<br>Parameters: {DayValue=14, FinalStatusSelect=Pending with FE, FinalStatusSelect1=Appointment, AppointmentTime=20:15, Runmode=Y, ContactNumber=9090909090, CustomerMobileNo=9000000124, RNRAttempt3=Attempt3, CotactPersonName=AkshayB, popUpSuccessMsg=Customer information updated successfully, RNRAttempt2=Attempt2, RNRAttempt1=Attempt1, Password=Uat@1234, UserId=3000, CustomerName=SreekanthZ, Browser=Chrome}</td>
<td></td>
<td>39</td>
<td>testCases.TeleCallerEntryAppointmentCallTime@528931cf</td></tr>
<tr>
<td title='testCases.TeleCallerEntryAppointmentCallTime.loginTest()'><b>loginTest</b><br>Test class: testCases.TeleCallerEntryAppointmentCallTime<br>Parameters: {DayValue=15, FinalStatusSelect=Already Replaced, FinalStatusSelect1=Appointment, AppointmentTime=20:15, Runmode=Y, ContactNumber=9090909090, CustomerMobileNo=9000000125, RNRAttempt3=Attempt3, CotactPersonName=AkshayB, popUpSuccessMsg=Customer information updated successfully, RNRAttempt2=Attempt2, RNRAttempt1=Attempt1, Password=Uat@1234, UserId=3000, CustomerName=SreekanthAA, Browser=Chrome}</td>
<td></td>
<td>39</td>
<td>testCases.TeleCallerEntryAppointmentCallTime@528931cf</td></tr>
<tr>
<td title='testCases.TeleCallerEntryNotIntrested.loginTest()'><b>loginTest</b><br>Test class: testCases.TeleCallerEntryNotIntrested<br>Parameters: {FinalStatusSelect=Call Back, FinalStatusSelect1=Not Interested, Runmode=Y, ContactNumber=9090909090, CustomerMobileNo=9000000126, RNRAttempt3=Attempt3, CotactPersonName=AkshayB, popUpSuccessMsg=Customer information updated successfully, RNRAttempt2=Attempt2, RNRAttempt1=asdtr3234%@#!, Password=Uat@1234, RefusalReason=Customer did not requested for the Modem Replacement, UserId=3000, CustomerName=SreekanthAB, Browser=Chrome}</td>
<td></td>
<td>38</td>
<td>testCases.TeleCallerEntryNotIntrested@ea1a8d5</td></tr>
<tr>
<td title='testCases.TeleCallerEntryNotIntrested.loginTest()'><b>loginTest</b><br>Test class: testCases.TeleCallerEntryNotIntrested<br>Parameters: {FinalStatusSelect=Customer Hang-Up the call, FinalStatusSelect1=Not Interested, Runmode=Y, ContactNumber=9090909090, CustomerMobileNo=9000000127, RNRAttempt3=Attempt3, CotactPersonName=AkshayB, popUpSuccessMsg=Customer information updated successfully, RNRAttempt2=Attempt2, RNRAttempt1=Attempt1, Password=Uat@1234, RefusalReason=Customer want to change the plan, UserId=3000, CustomerName=SreekanthAC, Browser=Chrome}</td>
<td></td>
<td>37</td>
<td>testCases.TeleCallerEntryNotIntrested@ea1a8d5</td></tr>
<tr>
<td title='testCases.TeleCallerEntryNotIntrested.loginTest()'><b>loginTest</b><br>Test class: testCases.TeleCallerEntryNotIntrested<br>Parameters: {FinalStatusSelect=Appointment, FinalStatusSelect1=Not Interested, Runmode=Y, ContactNumber=9090909090, CustomerMobileNo=9000000128, RNRAttempt3=Attempt3, CotactPersonName=AkshayB, popUpSuccessMsg=Customer information updated successfully, RNRAttempt2=Attempt2, RNRAttempt1=Attempt1, Password=Uat@1234, RefusalReason=Customer wants to cancel the request, UserId=3000, CustomerName=SreekanthAD, Browser=Chrome}</td>
<td></td>
<td>37</td>
<td>testCases.TeleCallerEntryNotIntrested@ea1a8d5</td></tr>
<tr>
<td title='testCases.TeleCallerEntryNotIntrested.loginTest()'><b>loginTest</b><br>Test class: testCases.TeleCallerEntryNotIntrested<br>Parameters: {FinalStatusSelect=Invalid Number, FinalStatusSelect1=Not Interested, Runmode=Y, ContactNumber=9090909090, CustomerMobileNo=9000000129, RNRAttempt3=asdf@TDAASD, CotactPersonName=AkshayB, popUpSuccessMsg=Customer information updated successfully, RNRAttempt2=Attempt2, RNRAttempt1=Attempt1, Password=Uat@1234, RefusalReason=Customer already cancelled, UserId=3000, CustomerName=SreekanthAE, Browser=Chrome}</td>
<td></td>
<td>37</td>
<td>testCases.TeleCallerEntryNotIntrested@ea1a8d5</td></tr>
<tr>
<td title='testCases.TeleCallerEntryNotIntrested.loginTest()'><b>loginTest</b><br>Test class: testCases.TeleCallerEntryNotIntrested<br>Parameters: {FinalStatusSelect=Wrong Number, FinalStatusSelect1=Not Interested, Runmode=Y, ContactNumber=9090909090, CustomerMobileNo=9000000130, RNRAttempt3=Attempt3, CotactPersonName=AkshayB, popUpSuccessMsg=Customer information updated successfully, RNRAttempt2=Attempt2, RNRAttempt1=Attempt1, Password=Uat@1234, RefusalReason=Customer don't want to pay any charges, UserId=3000, CustomerName=SreekanthAF, Browser=Chrome}</td>
<td></td>
<td>37</td>
<td>testCases.TeleCallerEntryNotIntrested@ea1a8d5</td></tr>
<tr>
<td title='testCases.TeleCallerEntryNotIntrested.loginTest()'><b>loginTest</b><br>Test class: testCases.TeleCallerEntryNotIntrested<br>Parameters: {FinalStatusSelect=Switch Off, FinalStatusSelect1=Not Interested, Runmode=Y, ContactNumber=9090909090, CustomerMobileNo=9000000131, RNRAttempt3=Attempt3, CotactPersonName=AkshayB, popUpSuccessMsg=Customer information updated successfully, RNRAttempt2=Attempt2, RNRAttempt1=Attempt1, Password=Uat@1234, RefusalReason=Customer satisfied with present Modem, UserId=3000, CustomerName=SreekanthAG, Browser=Chrome}</td>
<td></td>
<td>38</td>
<td>testCases.TeleCallerEntryNotIntrested@ea1a8d5</td></tr>
<tr>
<td title='testCases.TeleCallerEntryNotIntrested.loginTest()'><b>loginTest</b><br>Test class: testCases.TeleCallerEntryNotIntrested<br>Parameters: {FinalStatusSelect=RNR, FinalStatusSelect1=Not Interested, Runmode=Y, ContactNumber=9090909090, CustomerMobileNo=9000000132, RNRAttempt3=Attempt3, CotactPersonName=AkshayB, popUpSuccessMsg=Customer information updated successfully, RNRAttempt2=Attempt2, RNRAttempt1=Attempt1, Password=Uat@1234, RefusalReason=Customer refused to say the reason, UserId=3000, CustomerName=SreekanthAH, Browser=Chrome}</td>
<td></td>
<td>37</td>
<td>testCases.TeleCallerEntryNotIntrested@ea1a8d5</td></tr>
<tr>
<td title='testCases.TeleCallerEntryNotIntrested.loginTest()'><b>loginTest</b><br>Test class: testCases.TeleCallerEntryNotIntrested<br>Parameters: {FinalStatusSelect=Pending with FE, FinalStatusSelect1=Not Interested, Runmode=Y, ContactNumber=9090909090, CustomerMobileNo=9000000133, RNRAttempt3=Attempt3, CotactPersonName=AkshayB, popUpSuccessMsg=Customer information updated successfully, RNRAttempt2=Attempt2, RNRAttempt1=Attempt1, Password=Uat@1234, RefusalReason=Vectorization not possible, UserId=3000, CustomerName=SreekanthAI, Browser=Chrome}</td>
<td></td>
<td>37</td>
<td>testCases.TeleCallerEntryNotIntrested@ea1a8d5</td></tr>
<tr>
<td title='testCases.TeleCallerEntryNotIntrested.loginTest()'><b>loginTest</b><br>Test class: testCases.TeleCallerEntryNotIntrested<br>Parameters: {FinalStatusSelect=Already Replaced, FinalStatusSelect1=Not Interested, Runmode=Y, ContactNumber=9090909090, CustomerMobileNo=9000000134, RNRAttempt3=Attempt3, CotactPersonName=AkshayB, popUpSuccessMsg=Customer information updated successfully, RNRAttempt2=Attempt2, RNRAttempt1=asdf, Password=Uat@1234, RefusalReason=Customer wants to disconnect the connection, UserId=3000, CustomerName=SreekanthAJ, Browser=Chrome}</td>
<td></td>
<td>37</td>
<td>testCases.TeleCallerEntryNotIntrested@ea1a8d5</td></tr>
<tr>
<td title='testCases.TeleCallerEntryNotIntrested.loginTest()'><b>loginTest</b><br>Test class: testCases.TeleCallerEntryNotIntrested<br>Parameters: {FinalStatusSelect=Already Replaced, FinalStatusSelect1=Not Interested, Runmode=Y, ContactNumber=9090909090, CustomerMobileNo=9000000135, RNRAttempt3=Attempt3, CotactPersonName=AkshayB, popUpSuccessMsg=Customer information updated successfully, RNRAttempt2=Attempt2, RNRAttempt1=Attempt1, Password=Uat@1234, RefusalReason=Out of Station, UserId=3000, CustomerName=SreekanthAK, Browser=Chrome}</td>
<td></td>
<td>37</td>
<td>testCases.TeleCallerEntryNotIntrested@ea1a8d5</td></tr>
</table><p>
<table width='100%' border='1' class='invocation-skipped'>
<tr><td colspan='4' align='center'><b>SKIPPED TESTS</b></td></tr>
<tr><td><b>Test method</b></td>
<td width="30%"><b>Exception</b></td>
<td width="10%"><b>Time (seconds)</b></td>
<td><b>Instance</b></td>
</tr>
<tr>
<td title='testCases.UrlVerification.loginTest()'><b>loginTest</b><br>Test class: testCases.UrlVerification<br>Parameters: {WelcomeText=TELESONIC, Runmode=N, Browser=Chrome}</td>
<td><div><pre>org.testng.SkipException: Skipping the test as runmode is N
	at testCases.UrlVerification.loginTest(UrlVerification.java:38)
	at sun.reflect.NativeMethodAccessorImpl.invoke0(Native Method)
	at sun.reflect.NativeMethodAccessorImpl.invoke(NativeMethodAccessorImpl.java:62)
	at sun.reflect.DelegatingMethodAccessorImpl.invoke(DelegatingMethodAccessorImpl.java:43)
	at java.lang.reflect.Method.invoke(Method.java:498)
	at org.testng.internal.MethodInvocationHelper.invokeMethod(MethodInvocationHelper.java:124)
	at org.testng.internal.Invoker.invokeMethod(Invoker.java:571)
	at org.testng.internal.Invoker.invokeTestMethod(Invoker.java:707)
	at org.testng.internal.Invoker.invokeTestMethods(Invoker.java:979)
	at org.testng.internal.TestMethodWorker.invokeTestMethods(TestMethodWorker.java:125)
	at org.testng.internal.TestMethodWorker.run(TestMethodWorker.java:109)
	at org.testng.TestRunner.privateRun(TestRunner.java:648)
	at org.testng.TestRunner.run(TestRunner.java:505)
	at org.testng.SuiteRunner.runTest(SuiteRunner.java:455)
	at org.testng.SuiteRunner.runSequentially(SuiteRunner.java:450)
	at org.testng.SuiteRunner.privateRun(SuiteRunner.java:415)
	at org.testng.SuiteRunner.run(SuiteRunner.java:364)
	at org.testng.SuiteRunnerWorker.runSuite(SuiteRunnerWorker.java:52)
	at org.testng.SuiteRunnerWorker.run(SuiteRunnerWorker.java:84)
	at org.testng.TestNG.runSuitesSequentially(TestNG.java:1187)
	at org.testng.TestNG.runSuitesLocally(TestNG.java:1116)
	at org.testng.TestNG.runSuites(TestNG.java:1028)
	at org.testng.TestNG.run(TestNG.java:996)
	at org.testng.remote.AbstractRemoteTestNG.run(AbstractRemoteTestNG.java:114)
	at org.testng.remote.RemoteTestNG.initAndRun(RemoteTestNG.java:251)
	at org.testng.remote.RemoteTestNG.main(RemoteTestNG.java:77)
</pre></div><a href='#' onClick='toggleBox("stack-trace2001115307", this, "Click to show all stack frames", "Click to hide stack frames")'>Click to show all stack frames</a>
<div class='stack-trace' id='stack-trace2001115307'><pre>org.testng.SkipException: Skipping the test as runmode is N
	at testCases.UrlVerification.loginTest(UrlVerification.java:38)
	at sun.reflect.NativeMethodAccessorImpl.invoke0(Native Method)
	at sun.reflect.NativeMethodAccessorImpl.invoke(NativeMethodAccessorImpl.java:62)
	at sun.reflect.DelegatingMethodAccessorImpl.invoke(DelegatingMethodAccessorImpl.java:43)
	at java.lang.reflect.Method.invoke(Method.java:498)
	at org.testng.internal.MethodInvocationHelper.invokeMethod(MethodInvocationHelper.java:124)
	at org.testng.internal.Invoker.invokeMethod(Invoker.java:571)
	at org.testng.internal.Invoker.invokeTestMethod(Invoker.java:707)
	at org.testng.internal.Invoker.invokeTestMethods(Invoker.java:979)
	at org.testng.internal.TestMethodWorker.invokeTestMethods(TestMethodWorker.java:125)
	at org.testng.internal.TestMethodWorker.run(TestMethodWorker.java:109)
	at org.testng.TestRunner.privateRun(TestRunner.java:648)
	at org.testng.TestRunner.run(TestRunner.java:505)
	at org.testng.SuiteRunner.runTest(SuiteRunner.java:455)
	at org.testng.SuiteRunner.runSequentially(SuiteRunner.java:450)
	at org.testng.SuiteRunner.privateRun(SuiteRunner.java:415)
	at org.testng.SuiteRunner.run(SuiteRunner.java:364)
	at org.testng.SuiteRunnerWorker.runSuite(SuiteRunnerWorker.java:52)
	at org.testng.SuiteRunnerWorker.run(SuiteRunnerWorker.java:84)
	at org.testng.TestNG.runSuitesSequentially(TestNG.java:1187)
	at org.testng.TestNG.runSuitesLocally(TestNG.java:1116)
	at org.testng.TestNG.runSuites(TestNG.java:1028)
	at org.testng.TestNG.run(TestNG.java:996)
	at org.testng.remote.AbstractRemoteTestNG.run(AbstractRemoteTestNG.java:114)
	at org.testng.remote.RemoteTestNG.initAndRun(RemoteTestNG.java:251)
	at org.testng.remote.RemoteTestNG.main(RemoteTestNG.java:77)
</pre></div></td>
<td>0</td>
<td>testCases.UrlVerification@11438d26</td></tr>
<tr>
<td title='testCases.UrlVerification.loginTest()'><b>loginTest</b><br>Test class: testCases.UrlVerification<br>Parameters: {WelcomeText=TELESONIC, Runmode=N, Browser=Chrome}</td>
<td><div><pre>org.testng.SkipException: Skipping the test as runmode is N
	at testCases.UrlVerification.loginTest(UrlVerification.java:38)
	at sun.reflect.NativeMethodAccessorImpl.invoke0(Native Method)
	at sun.reflect.NativeMethodAccessorImpl.invoke(NativeMethodAccessorImpl.java:62)
	at sun.reflect.DelegatingMethodAccessorImpl.invoke(DelegatingMethodAccessorImpl.java:43)
	at java.lang.reflect.Method.invoke(Method.java:498)
	at org.testng.internal.MethodInvocationHelper.invokeMethod(MethodInvocationHelper.java:124)
	at org.testng.internal.Invoker.invokeMethod(Invoker.java:571)
	at org.testng.internal.Invoker.invokeTestMethod(Invoker.java:707)
	at org.testng.internal.Invoker.invokeTestMethods(Invoker.java:979)
	at org.testng.internal.TestMethodWorker.invokeTestMethods(TestMethodWorker.java:125)
	at org.testng.internal.TestMethodWorker.run(TestMethodWorker.java:109)
	at org.testng.TestRunner.privateRun(TestRunner.java:648)
	at org.testng.TestRunner.run(TestRunner.java:505)
	at org.testng.SuiteRunner.runTest(SuiteRunner.java:455)
	at org.testng.SuiteRunner.runSequentially(SuiteRunner.java:450)
	at org.testng.SuiteRunner.privateRun(SuiteRunner.java:415)
	at org.testng.SuiteRunner.run(SuiteRunner.java:364)
	at org.testng.SuiteRunnerWorker.runSuite(SuiteRunnerWorker.java:52)
	at org.testng.SuiteRunnerWorker.run(SuiteRunnerWorker.java:84)
	at org.testng.TestNG.runSuitesSequentially(TestNG.java:1187)
	at org.testng.TestNG.runSuitesLocally(TestNG.java:1116)
	at org.testng.TestNG.runSuites(TestNG.java:1028)
	at org.testng.TestNG.run(TestNG.java:996)
	at org.testng.remote.AbstractRemoteTestNG.run(AbstractRemoteTestNG.java:114)
	at org.testng.remote.RemoteTestNG.initAndRun(RemoteTestNG.java:251)
	at org.testng.remote.RemoteTestNG.main(RemoteTestNG.java:77)
</pre></div><a href='#' onClick='toggleBox("stack-trace1429483328", this, "Click to show all stack frames", "Click to hide stack frames")'>Click to show all stack frames</a>
<div class='stack-trace' id='stack-trace1429483328'><pre>org.testng.SkipException: Skipping the test as runmode is N
	at testCases.UrlVerification.loginTest(UrlVerification.java:38)
	at sun.reflect.NativeMethodAccessorImpl.invoke0(Native Method)
	at sun.reflect.NativeMethodAccessorImpl.invoke(NativeMethodAccessorImpl.java:62)
	at sun.reflect.DelegatingMethodAccessorImpl.invoke(DelegatingMethodAccessorImpl.java:43)
	at java.lang.reflect.Method.invoke(Method.java:498)
	at org.testng.internal.MethodInvocationHelper.invokeMethod(MethodInvocationHelper.java:124)
	at org.testng.internal.Invoker.invokeMethod(Invoker.java:571)
	at org.testng.internal.Invoker.invokeTestMethod(Invoker.java:707)
	at org.testng.internal.Invoker.invokeTestMethods(Invoker.java:979)
	at org.testng.internal.TestMethodWorker.invokeTestMethods(TestMethodWorker.java:125)
	at org.testng.internal.TestMethodWorker.run(TestMethodWorker.java:109)
	at org.testng.TestRunner.privateRun(TestRunner.java:648)
	at org.testng.TestRunner.run(TestRunner.java:505)
	at org.testng.SuiteRunner.runTest(SuiteRunner.java:455)
	at org.testng.SuiteRunner.runSequentially(SuiteRunner.java:450)
	at org.testng.SuiteRunner.privateRun(SuiteRunner.java:415)
	at org.testng.SuiteRunner.run(SuiteRunner.java:364)
	at org.testng.SuiteRunnerWorker.runSuite(SuiteRunnerWorker.java:52)
	at org.testng.SuiteRunnerWorker.run(SuiteRunnerWorker.java:84)
	at org.testng.TestNG.runSuitesSequentially(TestNG.java:1187)
	at org.testng.TestNG.runSuitesLocally(TestNG.java:1116)
	at org.testng.TestNG.runSuites(TestNG.java:1028)
	at org.testng.TestNG.run(TestNG.java:996)
	at org.testng.remote.AbstractRemoteTestNG.run(AbstractRemoteTestNG.java:114)
	at org.testng.remote.RemoteTestNG.initAndRun(RemoteTestNG.java:251)
	at org.testng.remote.RemoteTestNG.main(RemoteTestNG.java:77)
</pre></div></td>
<td>0</td>
<td>testCases.UrlVerification@11438d26</td></tr>
<tr>
<td title='testCases.UrlVerification.loginTest()'><b>loginTest</b><br>Test class: testCases.UrlVerification<br>Parameters: {WelcomeText=TELESONIC, Runmode=N, Browser=Chrome}</td>
<td><div><pre>org.testng.SkipException: Skipping the test as runmode is N
	at testCases.UrlVerification.loginTest(UrlVerification.java:38)
	at sun.reflect.NativeMethodAccessorImpl.invoke0(Native Method)
	at sun.reflect.NativeMethodAccessorImpl.invoke(NativeMethodAccessorImpl.java:62)
	at sun.reflect.DelegatingMethodAccessorImpl.invoke(DelegatingMethodAccessorImpl.java:43)
	at java.lang.reflect.Method.invoke(Method.java:498)
	at org.testng.internal.MethodInvocationHelper.invokeMethod(MethodInvocationHelper.java:124)
	at org.testng.internal.Invoker.invokeMethod(Invoker.java:571)
	at org.testng.internal.Invoker.invokeTestMethod(Invoker.java:707)
	at org.testng.internal.Invoker.invokeTestMethods(Invoker.java:979)
	at org.testng.internal.TestMethodWorker.invokeTestMethods(TestMethodWorker.java:125)
	at org.testng.internal.TestMethodWorker.run(TestMethodWorker.java:109)
	at org.testng.TestRunner.privateRun(TestRunner.java:648)
	at org.testng.TestRunner.run(TestRunner.java:505)
	at org.testng.SuiteRunner.runTest(SuiteRunner.java:455)
	at org.testng.SuiteRunner.runSequentially(SuiteRunner.java:450)
	at org.testng.SuiteRunner.privateRun(SuiteRunner.java:415)
	at org.testng.SuiteRunner.run(SuiteRunner.java:364)
	at org.testng.SuiteRunnerWorker.runSuite(SuiteRunnerWorker.java:52)
	at org.testng.SuiteRunnerWorker.run(SuiteRunnerWorker.java:84)
	at org.testng.TestNG.runSuitesSequentially(TestNG.java:1187)
	at org.testng.TestNG.runSuitesLocally(TestNG.java:1116)
	at org.testng.TestNG.runSuites(TestNG.java:1028)
	at org.testng.TestNG.run(TestNG.java:996)
	at org.testng.remote.AbstractRemoteTestNG.run(AbstractRemoteTestNG.java:114)
	at org.testng.remote.RemoteTestNG.initAndRun(RemoteTestNG.java:251)
	at org.testng.remote.RemoteTestNG.main(RemoteTestNG.java:77)
</pre></div><a href='#' onClick='toggleBox("stack-trace172794870", this, "Click to show all stack frames", "Click to hide stack frames")'>Click to show all stack frames</a>
<div class='stack-trace' id='stack-trace172794870'><pre>org.testng.SkipException: Skipping the test as runmode is N
	at testCases.UrlVerification.loginTest(UrlVerification.java:38)
	at sun.reflect.NativeMethodAccessorImpl.invoke0(Native Method)
	at sun.reflect.NativeMethodAccessorImpl.invoke(NativeMethodAccessorImpl.java:62)
	at sun.reflect.DelegatingMethodAccessorImpl.invoke(DelegatingMethodAccessorImpl.java:43)
	at java.lang.reflect.Method.invoke(Method.java:498)
	at org.testng.internal.MethodInvocationHelper.invokeMethod(MethodInvocationHelper.java:124)
	at org.testng.internal.Invoker.invokeMethod(Invoker.java:571)
	at org.testng.internal.Invoker.invokeTestMethod(Invoker.java:707)
	at org.testng.internal.Invoker.invokeTestMethods(Invoker.java:979)
	at org.testng.internal.TestMethodWorker.invokeTestMethods(TestMethodWorker.java:125)
	at org.testng.internal.TestMethodWorker.run(TestMethodWorker.java:109)
	at org.testng.TestRunner.privateRun(TestRunner.java:648)
	at org.testng.TestRunner.run(TestRunner.java:505)
	at org.testng.SuiteRunner.runTest(SuiteRunner.java:455)
	at org.testng.SuiteRunner.runSequentially(SuiteRunner.java:450)
	at org.testng.SuiteRunner.privateRun(SuiteRunner.java:415)
	at org.testng.SuiteRunner.run(SuiteRunner.java:364)
	at org.testng.SuiteRunnerWorker.runSuite(SuiteRunnerWorker.java:52)
	at org.testng.SuiteRunnerWorker.run(SuiteRunnerWorker.java:84)
	at org.testng.TestNG.runSuitesSequentially(TestNG.java:1187)
	at org.testng.TestNG.runSuitesLocally(TestNG.java:1116)
	at org.testng.TestNG.runSuites(TestNG.java:1028)
	at org.testng.TestNG.run(TestNG.java:996)
	at org.testng.remote.AbstractRemoteTestNG.run(AbstractRemoteTestNG.java:114)
	at org.testng.remote.RemoteTestNG.initAndRun(RemoteTestNG.java:251)
	at org.testng.remote.RemoteTestNG.main(RemoteTestNG.java:77)
</pre></div></td>
<td>0</td>
<td>testCases.UrlVerification@11438d26</td></tr>
<tr>
<td title='testCases.UrlVerification.loginTest()'><b>loginTest</b><br>Test class: testCases.UrlVerification<br>Parameters: {WelcomeText=TELESONIC, Runmode=N, Browser=Chrome}</td>
<td><div><pre>org.testng.SkipException: Skipping the test as runmode is N
	at testCases.UrlVerification.loginTest(UrlVerification.java:38)
	at sun.reflect.NativeMethodAccessorImpl.invoke0(Native Method)
	at sun.reflect.NativeMethodAccessorImpl.invoke(NativeMethodAccessorImpl.java:62)
	at sun.reflect.DelegatingMethodAccessorImpl.invoke(DelegatingMethodAccessorImpl.java:43)
	at java.lang.reflect.Method.invoke(Method.java:498)
	at org.testng.internal.MethodInvocationHelper.invokeMethod(MethodInvocationHelper.java:124)
	at org.testng.internal.Invoker.invokeMethod(Invoker.java:571)
	at org.testng.internal.Invoker.invokeTestMethod(Invoker.java:707)
	at org.testng.internal.Invoker.invokeTestMethods(Invoker.java:979)
	at org.testng.internal.TestMethodWorker.invokeTestMethods(TestMethodWorker.java:125)
	at org.testng.internal.TestMethodWorker.run(TestMethodWorker.java:109)
	at org.testng.TestRunner.privateRun(TestRunner.java:648)
	at org.testng.TestRunner.run(TestRunner.java:505)
	at org.testng.SuiteRunner.runTest(SuiteRunner.java:455)
	at org.testng.SuiteRunner.runSequentially(SuiteRunner.java:450)
	at org.testng.SuiteRunner.privateRun(SuiteRunner.java:415)
	at org.testng.SuiteRunner.run(SuiteRunner.java:364)
	at org.testng.SuiteRunnerWorker.runSuite(SuiteRunnerWorker.java:52)
	at org.testng.SuiteRunnerWorker.run(SuiteRunnerWorker.java:84)
	at org.testng.TestNG.runSuitesSequentially(TestNG.java:1187)
	at org.testng.TestNG.runSuitesLocally(TestNG.java:1116)
	at org.testng.TestNG.runSuites(TestNG.java:1028)
	at org.testng.TestNG.run(TestNG.java:996)
	at org.testng.remote.AbstractRemoteTestNG.run(AbstractRemoteTestNG.java:114)
	at org.testng.remote.RemoteTestNG.initAndRun(RemoteTestNG.java:251)
	at org.testng.remote.RemoteTestNG.main(RemoteTestNG.java:77)
</pre></div><a href='#' onClick='toggleBox("stack-trace1927963027", this, "Click to show all stack frames", "Click to hide stack frames")'>Click to show all stack frames</a>
<div class='stack-trace' id='stack-trace1927963027'><pre>org.testng.SkipException: Skipping the test as runmode is N
	at testCases.UrlVerification.loginTest(UrlVerification.java:38)
	at sun.reflect.NativeMethodAccessorImpl.invoke0(Native Method)
	at sun.reflect.NativeMethodAccessorImpl.invoke(NativeMethodAccessorImpl.java:62)
	at sun.reflect.DelegatingMethodAccessorImpl.invoke(DelegatingMethodAccessorImpl.java:43)
	at java.lang.reflect.Method.invoke(Method.java:498)
	at org.testng.internal.MethodInvocationHelper.invokeMethod(MethodInvocationHelper.java:124)
	at org.testng.internal.Invoker.invokeMethod(Invoker.java:571)
	at org.testng.internal.Invoker.invokeTestMethod(Invoker.java:707)
	at org.testng.internal.Invoker.invokeTestMethods(Invoker.java:979)
	at org.testng.internal.TestMethodWorker.invokeTestMethods(TestMethodWorker.java:125)
	at org.testng.internal.TestMethodWorker.run(TestMethodWorker.java:109)
	at org.testng.TestRunner.privateRun(TestRunner.java:648)
	at org.testng.TestRunner.run(TestRunner.java:505)
	at org.testng.SuiteRunner.runTest(SuiteRunner.java:455)
	at org.testng.SuiteRunner.runSequentially(SuiteRunner.java:450)
	at org.testng.SuiteRunner.privateRun(SuiteRunner.java:415)
	at org.testng.SuiteRunner.run(SuiteRunner.java:364)
	at org.testng.SuiteRunnerWorker.runSuite(SuiteRunnerWorker.java:52)
	at org.testng.SuiteRunnerWorker.run(SuiteRunnerWorker.java:84)
	at org.testng.TestNG.runSuitesSequentially(TestNG.java:1187)
	at org.testng.TestNG.runSuitesLocally(TestNG.java:1116)
	at org.testng.TestNG.runSuites(TestNG.java:1028)
	at org.testng.TestNG.run(TestNG.java:996)
	at org.testng.remote.AbstractRemoteTestNG.run(AbstractRemoteTestNG.java:114)
	at org.testng.remote.RemoteTestNG.initAndRun(RemoteTestNG.java:251)
	at org.testng.remote.RemoteTestNG.main(RemoteTestNG.java:77)
</pre></div></td>
<td>0</td>
<td>testCases.UrlVerification@11438d26</td></tr>
</table><p>
</body>
</html>